openclaw-skills/android/app/build/intermediates/manifest_merge_blame_file/debug/processDebugMainManifest/manifest-merger-blame-debug-report.txt
1<?xml version="1.0" encoding="utf-8"?>
2<manifest xmlns:android="http://schemas.android.com/apk/res/android"
3    package="com.openclaw.console"
4    android:versionCode="1"
5    android:versionName="1.0" >
6
7    <uses-sdk
8        android:minSdkVersion="28"
9        android:targetSdkVersion="35" />
10
11    <uses-permission android:name="android.permission.INTERNET" />
11-->src/main/AndroidManifest.xml:4:5-67
11-->src/main/AndroidManifest.xml:4:22-64
12    <uses-permission android:name="android.permission.USE_BIOMETRIC" />
12-->src/main/AndroidManifest.xml:5:5-72
12-->src/main/AndroidManifest.xml:5:22-69
13    <uses-permission android:name="android.permission.USE_FINGERPRINT" />
13-->src/main/AndroidManifest.xml:6:5-74
13-->src/main/AndroidManifest.xml:6:22-71
14    <uses-permission android:name="com.android.vending.BILLING" />
14-->[com.android.billingclient:billing:6.2.1] AndroidManifest.xml:10:5-67
14-->[com.android.billingclient:billing:6.2.1] AndroidManifest.xml:10:22-64
15
16    <queries>
16-->[com.android.billingclient:billing:6.2.1] AndroidManifest.xml:12:5-16:15
17        <intent>
17-->[com.android.billingclient:billing:6.2.1] AndroidManifest.xml:13:9-15:18
18            <action android:name="com.android.vending.billing.InAppBillingService.BIND" />
18-->[com.android.billingclient:billing:6.2.1] AndroidManifest.xml:14:13-91
18-->[com.android.billingclient:billing:6.2.1] AndroidManifest.xml:14:21-88
19        </intent>
20    </queries>
21
22    <permission
22-->[androidx.core:core:1.16.0] AndroidManifest.xml:22:5-24:47
23        android:name="com.openclaw.console.DYNAMIC_RECEIVER_NOT_EXPORTED_PERMISSION"
23-->[androidx.core:core:1.16.0] AndroidManifest.xml:23:9-81
24        android:protectionLevel="signature" />
24-->[androidx.core:core:1.16.0] AndroidManifest.xml:24:9-44
25
26    <uses-permission android:name="com.openclaw.console.DYNAMIC_RECEIVER_NOT_EXPORTED_PERMISSION" /> <!-- Although the *SdkVersion is captured in gradle build files, this is required for non gradle builds -->
26-->[androidx.core:core:1.16.0] AndroidManifest.xml:26:5-97
26-->[androidx.core:core:1.16.0] AndroidManifest.xml:26:22-94
27    <!-- <uses-sdk android:minSdkVersion="14"/> -->
28    <uses-permission android:name="android.permission.ACCESS_NETWORK_STATE" />
28-->[com.google.android.datatransport:transport-backend-cct:3.1.8] AndroidManifest.xml:24:5-79
28-->[com.google.android.datatransport:transport-backend-cct:3.1.8] AndroidManifest.xml:24:22-76
29
30    <application
30-->src/main/AndroidManifest.xml:8:5-31:19
31        android:name="com.openclaw.console.OpenClawApplication"
31-->src/main/AndroidManifest.xml:9:9-44
32        android:allowBackup="false"
32-->src/main/AndroidManifest.xml:10:9-36
33        android:appComponentFactory="androidx.core.app.CoreComponentFactory"
33-->[androidx.core:core:1.16.0] AndroidManifest.xml:28:18-86
34        android:dataExtractionRules="@xml/data_extraction_rules"
34-->src/main/AndroidManifest.xml:11:9-65
35        android:debuggable="true"
36        android:extractNativeLibs="false"
37        android:fullBackupContent="@xml/backup_rules"
37-->src/main/AndroidManifest.xml:12:9-54
38        android:icon="@mipmap/ic_launcher"
38-->src/main/AndroidManifest.xml:13:9-43
39        android:label="@string/app_name"
39-->src/main/AndroidManifest.xml:14:9-41
40        android:networkSecurityConfig="@xml/network_security_config"
40-->src/main/AndroidManifest.xml:18:9-69
41        android:roundIcon="@mipmap/ic_launcher_round"
41-->src/main/AndroidManifest.xml:15:9-54
42        android:supportsRtl="true"
42-->src/main/AndroidManifest.xml:16:9-35
43        android:theme="@style/Theme.OpenClawConsole" >
43-->src/main/AndroidManifest.xml:17:9-53
44        <activity
44-->src/main/AndroidManifest.xml:20:9-29:20
45            android:name="com.openclaw.console.MainActivity"
45-->src/main/AndroidManifest.xml:21:13-41
46            android:exported="true"
46-->src/main/AndroidManifest.xml:22:13-36
47            android:theme="@style/Theme.OpenClawConsole"
47-->src/main/AndroidManifest.xml:24:13-57
48            android:windowSoftInputMode="adjustResize" >
48-->src/main/AndroidManifest.xml:23:13-55
49            <intent-filter>
49-->src/main/AndroidManifest.xml:25:13-28:29
50                <action android:name="android.intent.action.MAIN" />
50-->src/main/AndroidManifest.xml:26:17-69
50-->src/main/AndroidManifest.xml:26:25-66
51
52                <category android:name="android.intent.category.LAUNCHER" />
52-->src/main/AndroidManifest.xml:27:17-77
52-->src/main/AndroidManifest.xml:27:27-74
53            </intent-filter>
54        </activity>
55        <activity
55-->[androidx.compose.ui:ui-tooling-android:1.10.0] AndroidManifest.xml:23:9-25:39
56            android:name="androidx.compose.ui.tooling.PreviewActivity"
56-->[androidx.compose.ui:ui-tooling-android:1.10.0] AndroidManifest.xml:24:13-71
57            android:exported="true" />
57-->[androidx.compose.ui:ui-tooling-android:1.10.0] AndroidManifest.xml:25:13-36
58        <activity
58-->[com.revenuecat.purchases:purchases:7.12.0] AndroidManifest.xml:10:9-13:75
59            android:name="com.revenuecat.purchases.amazon.purchasing.ProxyAmazonBillingActivity"
59-->[com.revenuecat.purchases:purchases:7.12.0] AndroidManifest.xml:11:13-97
60            android:configChanges="keyboard|keyboardHidden|screenLayout|screenSize|orientation"
60-->[com.revenuecat.purchases:purchases:7.12.0] AndroidManifest.xml:12:13-96
61            android:theme="@android:style/Theme.Translucent.NoTitleBar" />
61-->[com.revenuecat.purchases:purchases:7.12.0] AndroidManifest.xml:13:13-72
62
63        <meta-data
63-->[com.android.billingclient:billing:6.2.1] AndroidManifest.xml:19:9-21:37
64            android:name="com.google.android.play.billingclient.version"
64-->[com.android.billingclient:billing:6.2.1] AndroidManifest.xml:20:13-73
65            android:value="6.2.1" />
65-->[com.android.billingclient:billing:6.2.1] AndroidManifest.xml:21:13-34
66
67        <activity
67-->[com.android.billingclient:billing:6.2.1] AndroidManifest.xml:23:9-27:75
68            android:name="com.android.billingclient.api.ProxyBillingActivity"
68-->[com.android.billingclient:billing:6.2.1] AndroidManifest.xml:24:13-78
69            android:configChanges="keyboard|keyboardHidden|screenLayout|screenSize|orientation"
69-->[com.android.billingclient:billing:6.2.1] AndroidManifest.xml:25:13-96
70            android:exported="false"
70-->[com.android.billingclient:billing:6.2.1] AndroidManifest.xml:26:13-37
71            android:theme="@android:style/Theme.Translucent.NoTitleBar" />
71-->[com.android.billingclient:billing:6.2.1] AndroidManifest.xml:27:13-72
72        <activity
72-->[com.android.billingclient:billing:6.2.1] AndroidManifest.xml:28:9-32:75
73            android:name="com.android.billingclient.api.ProxyBillingActivityV2"
73-->[com.android.billingclient:billing:6.2.1] AndroidManifest.xml:29:13-80
74            android:configChanges="keyboard|keyboardHidden|screenLayout|screenSize|orientation"
74-->[com.android.billingclient:billing:6.2.1] AndroidManifest.xml:30:13-96
75            android:exported="false"
75-->[com.android.billingclient:billing:6.2.1] AndroidManifest.xml:31:13-37
76            android:theme="@android:style/Theme.Translucent.NoTitleBar" />
76-->[com.android.billingclient:billing:6.2.1] AndroidManifest.xml:32:13-72
77        <activity
77-->[com.google.android.gms:play-services-base:18.3.0] AndroidManifest.xml:20:9-22:45
78            android:name="com.google.android.gms.common.api.GoogleApiActivity"
78-->[com.google.android.gms:play-services-base:18.3.0] AndroidManifest.xml:20:19-85
79            android:exported="false"
79-->[com.google.android.gms:play-services-base:18.3.0] AndroidManifest.xml:22:19-43
80            android:theme="@android:style/Theme.Translucent.NoTitleBar" />
80-->[com.google.android.gms:play-services-base:18.3.0] AndroidManifest.xml:21:19-78
81
82        <meta-data
82-->[com.google.android.gms:play-services-basement:18.3.0] AndroidManifest.xml:21:9-23:69
83            android:name="com.google.android.gms.version"
83-->[com.google.android.gms:play-services-basement:18.3.0] AndroidManifest.xml:22:13-58
84            android:value="@integer/google_play_services_version" />
84-->[com.google.android.gms:play-services-basement:18.3.0] AndroidManifest.xml:23:13-66
85
86        <provider
86-->[androidx.emoji2:emoji2:1.4.0] AndroidManifest.xml:24:9-32:20
87            android:name="androidx.startup.InitializationProvider"
87-->[androidx.emoji2:emoji2:1.4.0] AndroidManifest.xml:25:13-67
88            android:authorities="com.openclaw.console.androidx-startup"
88-->[androidx.emoji2:emoji2:1.4.0] AndroidManifest.xml:26:13-68
89            android:exported="false" >
89-->[androidx.emoji2:emoji2:1.4.0] AndroidManifest.xml:27:13-37
90            <meta-data
90-->[androidx.emoji2:emoji2:1.4.0] AndroidManifest.xml:29:13-31:52
91                android:name="androidx.emoji2.text.EmojiCompatInitializer"
91-->[androidx.emoji2:emoji2:1.4.0] AndroidManifest.xml:30:17-75
92                android:value="androidx.startup" />
92-->[androidx.emoji2:emoji2:1.4.0] AndroidManifest.xml:31:17-49
93            <meta-data
93-->[androidx.lifecycle:lifecycle-process:2.9.4] AndroidManifest.xml:29:13-31:52
94                android:name="androidx.lifecycle.ProcessLifecycleInitializer"
94-->[androidx.lifecycle:lifecycle-process:2.9.4] AndroidManifest.xml:30:17-78
95                android:value="androidx.startup" />
95-->[androidx.lifecycle:lifecycle-process:2.9.4] AndroidManifest.xml:31:17-49
96            <meta-data
96-->[androidx.profileinstaller:profileinstaller:1.4.0] AndroidManifest.xml:29:13-31:52
97                android:name="androidx.profileinstaller.ProfileInstallerInitializer"
97-->[androidx.profileinstaller:profileinstaller:1.4.0] AndroidManifest.xml:30:17-85
98                android:value="androidx.startup" />
98-->[androidx.profileinstaller:profileinstaller:1.4.0] AndroidManifest.xml:31:17-49
99        </provider>
100
101        <uses-library
101-->[androidx.window:window:1.5.0] AndroidManifest.xml:23:9-25:40
102            android:name="androidx.window.extensions"
102-->[androidx.window:window:1.5.0] AndroidManifest.xml:24:13-54
103            android:required="false" />
103-->[androidx.window:window:1.5.0] AndroidManifest.xml:25:13-37
104        <uses-library
104-->[androidx.window:window:1.5.0] AndroidManifest.xml:26:9-28:40
105            android:name="androidx.window.sidecar"
105-->[androidx.window:window:1.5.0] AndroidManifest.xml:27:13-51
106            android:required="false" />
106-->[androidx.window:window:1.5.0] AndroidManifest.xml:28:13-37
107
108        <activity
108-->[androidx.compose.ui:ui-test-manifest:1.10.0] AndroidManifest.xml:23:9-26:79
109            android:name="androidx.activity.ComponentActivity"
109-->[androidx.compose.ui:ui-test-manifest:1.10.0] AndroidManifest.xml:24:13-63
110            android:exported="true"
110-->[androidx.compose.ui:ui-test-manifest:1.10.0] AndroidManifest.xml:25:13-36
111            android:theme="@android:style/Theme.Material.Light.NoActionBar" />
111-->[androidx.compose.ui:ui-test-manifest:1.10.0] AndroidManifest.xml:26:13-76
112
113        <service
113-->[com.google.android.datatransport:transport-backend-cct:3.1.8] AndroidManifest.xml:28:9-34:19
114            android:name="com.google.android.datatransport.runtime.backends.TransportBackendDiscovery"
114-->[com.google.android.datatransport:transport-backend-cct:3.1.8] AndroidManifest.xml:29:13-103
115            android:exported="false" >
115-->[com.google.android.datatransport:transport-backend-cct:3.1.8] AndroidManifest.xml:30:13-37
116            <meta-data
116-->[com.google.android.datatransport:transport-backend-cct:3.1.8] AndroidManifest.xml:31:13-33:39
117                android:name="backend:com.google.android.datatransport.cct.CctBackendFactory"
117-->[com.google.android.datatransport:transport-backend-cct:3.1.8] AndroidManifest.xml:32:17-94
118                android:value="cct" />
118-->[com.google.android.datatransport:transport-backend-cct:3.1.8] AndroidManifest.xml:33:17-36
119        </service>
120        <service
120-->[com.google.android.datatransport:transport-runtime:3.1.8] AndroidManifest.xml:26:9-30:19
121            android:name="com.google.android.datatransport.runtime.scheduling.jobscheduling.JobInfoSchedulerService"
121-->[com.google.android.datatransport:transport-runtime:3.1.8] AndroidManifest.xml:27:13-117
122            android:exported="false"
122-->[com.google.android.datatransport:transport-runtime:3.1.8] AndroidManifest.xml:28:13-37
123            android:permission="android.permission.BIND_JOB_SERVICE" >
123-->[com.google.android.datatransport:transport-runtime:3.1.8] AndroidManifest.xml:29:13-69
124        </service>
125
126        <receiver
126-->[com.google.android.datatransport:transport-runtime:3.1.8] AndroidManifest.xml:32:9-34:40
127            android:name="com.google.android.datatransport.runtime.scheduling.jobscheduling.AlarmManagerSchedulerBroadcastReceiver"
127-->[com.google.android.datatransport:transport-runtime:3.1.8] AndroidManifest.xml:33:13-132
128            android:exported="false" />
128-->[com.google.android.datatransport:transport-runtime:3.1.8] AndroidManifest.xml:34:13-37
129        <receiver
129-->[androidx.profileinstaller:profileinstaller:1.4.0] AndroidManifest.xml:34:9-52:20
130            android:name="androidx.profileinstaller.ProfileInstallReceiver"
130-->[androidx.profileinstaller:profileinstaller:1.4.0] AndroidManifest.xml:35:13-76
131            android:directBootAware="false"
131-->[androidx.profileinstaller:profileinstaller:1.4.0] AndroidManifest.xml:36:13-44
132            android:enabled="true"
132-->[androidx.profileinstaller:profileinstaller:1.4.0] AndroidManifest.xml:37:13-35
133            android:exported="true"
133-->[androidx.profileinstaller:profileinstaller:1.4.0] AndroidManifest.xml:38:13-36
134            android:permission="android.permission.DUMP" >
134-->[androidx.profileinstaller:profileinstaller:1.4.0] AndroidManifest.xml:39:13-57
135            <intent-filter>
135-->[androidx.profileinstaller:profileinstaller:1.4.0] AndroidManifest.xml:40:13-42:29
136                <action android:name="androidx.profileinstaller.action.INSTALL_PROFILE" />
136-->[androidx.profileinstaller:profileinstaller:1.4.0] AndroidManifest.xml:41:17-91
136-->[androidx.profileinstaller:profileinstaller:1.4.0] AndroidManifest.xml:41:25-88
137            </intent-filter>
138            <intent-filter>
138-->[androidx.profileinstaller:profileinstaller:1.4.0] AndroidManifest.xml:43:13-45:29
139                <action android:name="androidx.profileinstaller.action.SKIP_FILE" />
139-->[androidx.profileinstaller:profileinstaller:1.4.0] AndroidManifest.xml:44:17-85
139-->[androidx.profileinstaller:profileinstaller:1.4.0] AndroidManifest.xml:44:25-82
140            </intent-filter>
141            <intent-filter>
141-->[androidx.profileinstaller:profileinstaller:1.4.0] AndroidManifest.xml:46:13-48:29
142                <action android:name="androidx.profileinstaller.action.SAVE_PROFILE" />
142-->[androidx.profileinstaller:profileinstaller:1.4.0] AndroidManifest.xml:47:17-88
142-->[androidx.profileinstaller:profileinstaller:1.4.0] AndroidManifest.xml:47:25-85
143            </intent-filter>
144            <intent-filter>
144-->[androidx.profileinstaller:profileinstaller:1.4.0] AndroidManifest.xml:49:13-51:29
145                <action android:name="androidx.profileinstaller.action.BENCHMARK_OPERATION" />
145-->[androidx.profileinstaller:profileinstaller:1.4.0] AndroidManifest.xml:50:17-95
145-->[androidx.profileinstaller:profileinstaller:1.4.0] AndroidManifest.xml:50:25-92
146            </intent-filter>
147        </receiver>
148    </application>
149
150</manifest>